<?xml version="1.0" encoding="UTF-8"?>
<!-- Generated by org.testng.reporters.JUnitReportReporter -->
<testsuite skipped="0" hostname="DESKTOP-GBDRMPF" name="auto.StringEx" tests="1" failures="0" timestamp="04 Dec 2018 00:15:01 GMT" time="0.029" errors="0">
  <testcase name="test1" time="0.029" classname="auto.StringEx"/>
</testsuite> <!-- auto.StringEx -->
