<?xml version="1.0" encoding="UTF-8"?>
<!-- Generated by org.testng.reporters.JUnitReportReporter -->
<testsuite skipped="0" hostname="DESKTOP-GBDRMPF" name="com.slokam.opencart.testcases.TestLogin" tests="2" failures="0" timestamp="13 Dec 2018 23:58:34 GMT" time="20.051" errors="0">
  <testcase name="testValidLogin" time="6.640" classname="com.slokam.opencart.testcases.TestLogin"/>
  <testcase name="testInvalidLogin" time="13.411" classname="com.slokam.opencart.testcases.TestLogin"/>
</testsuite> <!-- com.slokam.opencart.testcases.TestLogin -->
