<?xml version="1.0" encoding="UTF-8"?>
<!-- Generated by org.testng.reporters.JUnitReportReporter -->
<testsuite skipped="0" hostname="DESKTOP-GBDRMPF" name="auto.PropExample" tests="1" failures="0" timestamp="13 Dec 2018 01:04:21 GMT" time="0.040" errors="0">
  <testcase name="test1" time="0.040" classname="auto.PropExample"/>
</testsuite> <!-- auto.PropExample -->
