<?xml version="1.0" encoding="UTF-8"?>
<!-- Generated by org.testng.reporters.JUnitReportReporter -->
<testsuite skipped="0" hostname="DESKTOP-GBDRMPF" name="t1.Example1" tests="4" failures="0" timestamp="15 Dec 2018 00:16:29 GMT" time="0.066" errors="0">
  <testcase name="test1" time="0.021" classname="t1.Example1"/>
  <testcase name="test2" time="0.012" classname="t1.Example1"/>
  <testcase name="test3" time="0.012" classname="t1.Example1"/>
  <testcase name="test4" time="0.021" classname="t1.Example1"/>
</testsuite> <!-- t1.Example1 -->
