<?xml version="1.0" encoding="UTF-8"?>
<!-- Generated by org.testng.reporters.JUnitReportReporter -->
<testsuite skipped="0" hostname="DESKTOP-GBDRMPF" name="auto.OpenCartAdmin" tests="1" failures="0" timestamp="10 Dec 2018 23:29:48 GMT" time="10.600" errors="0">
  <testcase name="testSupportFourm" time="10.600" classname="auto.OpenCartAdmin"/>
</testsuite> <!-- auto.OpenCartAdmin -->
