<?xml version="1.0" encoding="UTF-8"?>
<!-- Generated by org.testng.reporters.JUnitReportReporter -->
<testsuite skipped="0" hostname="DESKTOP-GBDRMPF" name="auto.ReadFile" tests="2" failures="0" timestamp="12 Dec 2018 05:42:03 GMT" time="0.029" errors="0">
  <testcase name="readFile" time="0.012" classname="auto.ReadFile"/>
  <testcase name="read" time="0.017" classname="auto.ReadFile"/>
</testsuite> <!-- auto.ReadFile -->
