<?xml version="1.0" encoding="UTF-8"?>
<!-- Generated by org.testng.reporters.JUnitReportReporter -->
<testsuite skipped="0" hostname="DESKTOP-GBDRMPF" name="com.slokam.opencart.testcases.TestProfile" tests="1" failures="0" timestamp="11 Dec 2018 23:24:19 GMT" time="15.346" errors="0">
  <testcase name="testSupportFourm" time="15.346" classname="com.slokam.opencart.testcases.TestProfile"/>
</testsuite> <!-- com.slokam.opencart.testcases.TestProfile -->
