<?xml version="1.0" encoding="UTF-8"?>
<!-- Generated by org.testng.reporters.JUnitReportReporter -->
<testsuite skipped="0" hostname="DESKTOP-GBDRMPF" name="auto.MapExample" tests="1" failures="0" timestamp="03 Dec 2018 23:50:20 GMT" time="0.005" errors="0">
  <testcase name="test1" time="0.005" classname="auto.MapExample"/>
</testsuite> <!-- auto.MapExample -->
