<?xml version="1.0" encoding="UTF-8"?>
<!-- Generated by org.testng.reporters.JUnitReportReporter -->
<testsuite skipped="0" hostname="DESKTOP-GBDRMPF" name="t1.DataExample" tests="4" failures="0" timestamp="14 Dec 2018 06:58:21 GMT" time="0.025" errors="0">
  <testcase name="validateLogin" time="0.003" classname="t1.DataExample"/>
  <testcase name="validateLogin" time="0.002" classname="t1.DataExample"/>
  <testcase name="validateLogin" time="0.016" classname="t1.DataExample"/>
  <testcase name="validateLogin" time="0.004" classname="t1.DataExample"/>
</testsuite> <!-- t1.DataExample -->
