<?xml version="1.0" encoding="UTF-8"?>
<!-- Generated by org.testng.reporters.JUnitReportReporter -->
<testsuite skipped="0" hostname="DESKTOP-GBDRMPF" name="auto.WriteFile" tests="2" failures="0" timestamp="12 Dec 2018 05:44:31 GMT" time="0.050" errors="0">
  <testcase name="write2" time="0.027" classname="auto.WriteFile"/>
  <testcase name="write" time="0.023" classname="auto.WriteFile"/>
</testsuite> <!-- auto.WriteFile -->
