<?xml version="1.0" encoding="UTF-8"?>
<!-- Generated by org.testng.reporters.JUnitReportReporter -->
<testsuite skipped="0" hostname="DESKTOP-GBDRMPF" name="auto.JQueryUI" tests="1" failures="0" timestamp="04 Dec 2018 15:47:04 GMT" time="12.457" errors="0">
  <testcase name="test1" time="12.457" classname="auto.JQueryUI"/>
</testsuite> <!-- auto.JQueryUI -->
