<?xml version="1.0" encoding="UTF-8"?>
<!-- Generated by org.testng.reporters.JUnitReportReporter -->
<testsuite skipped="0" hostname="DESKTOP-GBDRMPF" name="t1.TExample" tests="4" failures="0" timestamp="03 Dec 2018 02:09:21 GMT" time="0.022" errors="0">
  <testcase name="test2" time="0.003" classname="t1.TExample"/>
  <testcase name="test4" time="0.003" classname="t1.TExample"/>
  <testcase name="test3" time="0.004" classname="t1.TExample"/>
  <testcase name="test1" time="0.012" classname="t1.TExample"/>
</testsuite> <!-- t1.TExample -->
